# JRE version: OpenJDK Runtime Environment Corretto-17.0.8.8.1 (17.0.8.1+8) (build 17.0.8.1+8-LTS)
# Java VM: OpenJDK 64-Bit Server VM Corretto-17.0.8.8.1 (17.0.8.1+8-LTS, mixed mode, sharing, tiered, compressed oops, compressed class ptrs, g1 gc, linux-amd64)
GC Precious Log:
 CPUs: 8 total, 8 available
 Memory: 7857M
 Large Page Support: Disabled
 NUMA Support: Disabled
 Compressed Oops: Enabled (32-bit)
 Heap Region Size: 1M
 Heap Min Capacity: 8M
 Heap Initial Capacity: 124M
 Heap Max Capacity: 1966M
 Pre-touch: Disabled
 Parallel Workers: 8
 Concurrent Workers: 2
 Concurrent Refinement Workers: 8
 Periodic GC: Disabled
Heap:
 garbage-first heap   total 55296K, used 20354K [0x0000000085200000, 0x0000000100000000)
  region size 1024K, 4 young (4096K), 2 survivors (2048K)
 Metaspace       used 35882K, committed 36288K, reserved 1114112K
  class space    used 4517K, committed 4736K, reserved 1048576K
GC Heap History (14 events):
Event: 0,593 GC heap before
{Heap before GC invocations=0 (full 0):
 garbage-first heap   total 129024K, used 25576K [0x0000000085200000, 0x0000000100000000)
  region size 1024K, 23 young (23552K), 0 survivors (0K)
 Metaspace       used 6288K, committed 6464K, reserved 1114112K
  class space    used 736K, committed 832K, reserved 1048576K
}
Event: 0,597 GC heap after
{Heap after GC invocations=1 (full 0):
 garbage-first heap   total 129024K, used 7255K [0x0000000085200000, 0x0000000100000000)
  region size 1024K, 3 young (3072K), 3 survivors (3072K)
 Metaspace       used 6288K, committed 6464K, reserved 1114112K
  class space    used 736K, committed 832K, reserved 1048576K
}
Event: 1,124 GC heap before
{Heap before GC invocations=1 (full 0):
 garbage-first heap   total 129024K, used 41047K [0x0000000085200000, 0x0000000100000000)
  region size 1024K, 37 young (37888K), 3 survivors (3072K)
 Metaspace       used 14745K, committed 14976K, reserved 1114112K
  class space    used 1818K, committed 1920K, reserved 1048576K
}
Event: 1,128 GC heap after
{Heap after GC invocations=2 (full 0):
 garbage-first heap   total 129024K, used 9768K [0x0000000085200000, 0x0000000100000000)
  region size 1024K, 3 young (3072K), 3 survivors (3072K)
 Metaspace       used 14745K, committed 14976K, reserved 1114112K
  class space    used 1818K, committed 1920K, reserved 1048576K
}
Event: 2,204 GC heap before
{Heap before GC invocations=2 (full 0):
 garbage-first heap   total 129024K, used 56872K [0x0000000085200000, 0x0000000100000000)
  region size 1024K, 50 young (51200K), 3 survivors (3072K)
 Metaspace       used 21251K, committed 21504K, reserved 1114112K
  class space    used 2605K, committed 2752K, reserved 1048576K
}
Event: 2,211 GC heap after
{Heap after GC invocations=3 (full 0):
 garbage-first heap   total 129024K, used 13483K [0x0000000085200000, 0x0000000100000000)
  region size 1024K, 6 young (6144K), 6 survivors (6144K)
 Metaspace       used 21251K, committed 21504K, reserved 1114112K
  class space    used 2605K, committed 2752K, reserved 1048576K
}
Event: 2,920 GC heap before
{Heap before GC invocations=4 (full 0):
 garbage-first heap   total 55296K, used 40107K [0x0000000085200000, 0x0000000100000000)
  region size 1024K, 32 young (32768K), 6 survivors (6144K)
 Metaspace       used 26137K, committed 26496K, reserved 1114112K
  class space    used 3350K, committed 3520K, reserved 1048576K
}
Event: 2,927 GC heap after
{Heap after GC invocations=5 (full 0):
 garbage-first heap   total 55296K, used 16343K [0x0000000085200000, 0x0000000100000000)
  region size 1024K, 4 young (4096K), 4 survivors (4096K)
 Metaspace       used 26137K, committed 26496K, reserved 1114112K
  class space    used 3350K, committed 3520K, reserved 1048576K
}
Event: 2,940 GC heap before
{Heap before GC invocations=5 (full 0):
 garbage-first heap   total 55296K, used 16343K [0x0000000085200000, 0x0000000100000000)
  region size 1024K, 5 young (5120K), 4 survivors (4096K)
 Metaspace       used 26369K, committed 26816K, reserved 1114112K
  class space    used 3376K, committed 3584K, reserved 1048576K
}
Event: 2,943 GC heap after
{Heap after GC invocations=6 (full 0):
 garbage-first heap   total 55296K, used 16813K [0x0000000085200000, 0x0000000100000000)
  region size 1024K, 1 young (1024K), 1 survivors (1024K)
 Metaspace       used 26369K, committed 26816K, reserved 1114112K
  class space    used 3376K, committed 3584K, reserved 1048576K
}
Event: 3,237 GC heap before
{Heap before GC invocations=6 (full 0):
 garbage-first heap   total 55296K, used 37293K [0x0000000085200000, 0x0000000100000000)
  region size 1024K, 22 young (22528K), 1 survivors (1024K)
 Metaspace       used 30995K, committed 31424K, reserved 1114112K
  class space    used 3871K, committed 4096K, reserved 1048576K
}
Event: 3,240 GC heap after
{Heap after GC invocations=7 (full 0):
 garbage-first heap   total 55296K, used 18478K [0x0000000085200000, 0x0000000100000000)
  region size 1024K, 3 young (3072K), 3 survivors (3072K)
 Metaspace       used 30995K, committed 31424K, reserved 1114112K
  class space    used 3871K, committed 4096K, reserved 1048576K
}
Event: 3,524 GC heap before
{Heap before GC invocations=7 (full 0):
 garbage-first heap   total 55296K, used 35886K [0x0000000085200000, 0x0000000100000000)
  region size 1024K, 22 young (22528K), 3 survivors (3072K)
 Metaspace       used 35573K, committed 35968K, reserved 1114112K
  class space    used 4464K, committed 4672K, reserved 1048576K
}
Event: 3,528 GC heap after
{Heap after GC invocations=8 (full 0):
 garbage-first heap   total 55296K, used 19330K [0x0000000085200000, 0x0000000100000000)
  region size 1024K, 2 young (2048K), 2 survivors (2048K)
 Metaspace       used 35573K, committed 35968K, reserved 1114112K
  class space    used 4464K, committed 4672K, reserved 1048576K
}

